Saturday, 01-Nov-2025 22:46:37.879 [INFO] [org.springframework.boot.StartupInfoLogger : logStarting : 53] - Starting SplunkDemoSbApplication using Java 21.0.8 with PID 7514 (/home/ramniwash/MyWorkspace/SplunkDemoSB/build/classes/java/main started by ramniwash in /home/ramniwash/MyWorkspace/SplunkDemoSB)
Saturday, 01-Nov-2025 22:46:37.898 [INFO] [org.springframework.boot.SpringApplication : logStartupProfileInfo : 652] - No active profile set, falling back to 1 default profile: "default"
Saturday, 01-Nov-2025 22:46:39.269 [INFO] [org.springframework.boot.web.embedded.tomcat.TomcatWebServer : initialize : 111] - Tomcat initialized with port 8080 (http)
Saturday, 01-Nov-2025 22:46:39.356 [INFO] [org.springframework.boot.web.servlet.context.ServletWebServerApplicationContext : prepareWebApplicationContext : 301] - Root WebApplicationContext: initialization completed in 1373 ms
Saturday, 01-Nov-2025 22:46:39.909 [INFO] [org.springframework.boot.web.embedded.tomcat.TomcatWebServer : start : 243] - Tomcat started on port 8080 (http) with context path '/'
Saturday, 01-Nov-2025 22:46:39.923 [INFO] [org.springframework.boot.StartupInfoLogger : logStarted : 59] - Started SplunkDemoSbApplication in 2.719 seconds (process running for 4.269)
Saturday, 01-Nov-2025 22:46:49.325 [INFO] [org.springframework.web.servlet.FrameworkServlet : initServletBean : 532] - Initializing Servlet 'dispatcherServlet'
Saturday, 01-Nov-2025 22:46:49.327 [INFO] [org.springframework.web.servlet.FrameworkServlet : initServletBean : 554] - Completed initialization in 1 ms
Saturday, 01-Nov-2025 22:46:49.382 [INFO] [com.demo.splunk.controller.HomeController : home : 17] - hello
Saturday, 01-Nov-2025 22:46:49.497 [INFO] [com.demo.splunk.controller.HomeController : home : 17] - favicon.ico
Saturday, 01-Nov-2025 22:46:57.955 [INFO] [org.springframework.boot.web.embedded.tomcat.GracefulShutdown : shutDownGracefully : 54] - Commencing graceful shutdown. Waiting for active requests to complete
Saturday, 01-Nov-2025 22:46:57.968 [INFO] [org.springframework.boot.web.embedded.tomcat.GracefulShutdown : doShutdown : 76] - Graceful shutdown complete
Saturday, 01-Nov-2025 22:48:28.476 [INFO] [org.springframework.boot.StartupInfoLogger : logStarting : 53] - Starting SplunkDemoSbApplication using Java 21.0.8 with PID 8963 (/home/ramniwash/MyWorkspace/SplunkDemoSB/build/classes/java/main started by ramniwash in /home/ramniwash/MyWorkspace/SplunkDemoSB)
Saturday, 01-Nov-2025 22:48:28.489 [INFO] [org.springframework.boot.SpringApplication : logStartupProfileInfo : 652] - No active profile set, falling back to 1 default profile: "default"
Saturday, 01-Nov-2025 22:48:29.677 [INFO] [org.springframework.boot.web.embedded.tomcat.TomcatWebServer : initialize : 111] - Tomcat initialized with port 8080 (http)
Saturday, 01-Nov-2025 22:48:29.761 [INFO] [org.springframework.boot.web.servlet.context.ServletWebServerApplicationContext : prepareWebApplicationContext : 301] - Root WebApplicationContext: initialization completed in 1210 ms
Saturday, 01-Nov-2025 22:48:30.351 [INFO] [org.springframework.boot.web.embedded.tomcat.TomcatWebServer : start : 243] - Tomcat started on port 8080 (http) with context path '/'
Saturday, 01-Nov-2025 22:48:30.364 [INFO] [org.springframework.boot.StartupInfoLogger : logStarted : 59] - Started SplunkDemoSbApplication in 2.518 seconds (process running for 4.127)
Saturday, 01-Nov-2025 22:48:33.596 [INFO] [org.springframework.boot.web.embedded.tomcat.GracefulShutdown : shutDownGracefully : 54] - Commencing graceful shutdown. Waiting for active requests to complete
Saturday, 01-Nov-2025 22:48:33.623 [INFO] [org.springframework.boot.web.embedded.tomcat.GracefulShutdown : doShutdown : 76] - Graceful shutdown complete
